19:34:52.041 logback [restartedMain] INFO  com.hs.blog.BlogApplication - Starting BlogApplication on DESKTOP-UHLES1Q with PID 12240 (E:\Develop\Java_code\IdeaProjects\blog\target\classes started by 83998 in E:\Develop\Java_code\IdeaProjects\blog)
19:34:52.044 logback [restartedMain] INFO  com.hs.blog.BlogApplication - No active profile set, falling back to default profiles: default
19:34:52.135 logback [restartedMain] INFO  o.s.b.c.e.AnnotationConfigEmbeddedWebApplicationContext - Refreshing org.springframework.boot.context.embedded.AnnotationConfigEmbeddedWebApplicationContext@712fff42: startup date [Mon Mar 04 19:34:52 CST 2019]; root of context hierarchy
19:34:52.372 logback [background-preinit] INFO  o.h.validator.internal.util.Version - HV000001: Hibernate Validator 5.3.6.Final
19:34:55.075 logback [restartedMain] WARN  o.m.s.mapper.ClassPathMapperScanner - No MyBatis mapper was found in '[com.hs.blog]' package. Please check your configuration.
19:34:55.920 logback [restartedMain] INFO  o.s.c.s.PostProcessorRegistrationDelegate$BeanPostProcessorChecker - Bean 'org.springframework.transaction.annotation.ProxyTransactionManagementConfiguration' of type [org.springframework.transaction.annotation.ProxyTransactionManagementConfiguration$$EnhancerBySpringCGLIB$$cd69201] is not eligible for getting processed by all BeanPostProcessors (for example: not eligible for auto-proxying)
19:34:57.115 logback [restartedMain] INFO  o.s.b.c.e.t.TomcatEmbeddedServletContainer - Tomcat initialized with port(s): 8080 (http)
19:34:57.132 logback [restartedMain] INFO  o.a.coyote.http11.Http11NioProtocol - Initializing ProtocolHandler ["http-nio-8080"]
19:34:57.172 logback [restartedMain] INFO  o.a.catalina.core.StandardService - Starting service [Tomcat]
19:34:57.173 logback [restartedMain] INFO  o.a.catalina.core.StandardEngine - Starting Servlet Engine: Apache Tomcat/8.5.37
19:34:57.366 logback [localhost-startStop-1] INFO  o.a.c.c.C.[Tomcat].[localhost].[/] - Initializing Spring embedded WebApplicationContext
19:34:57.367 logback [localhost-startStop-1] INFO  o.s.web.context.ContextLoader - Root WebApplicationContext: initialization completed in 5232 ms
19:34:57.750 logback [localhost-startStop-1] INFO  o.s.b.w.s.ServletRegistrationBean - Mapping servlet: 'dispatcherServlet' to [/]
19:34:57.751 logback [localhost-startStop-1] INFO  o.s.b.w.s.ServletRegistrationBean - Mapping servlet: 'statViewServlet' to [/druid/*]
19:34:57.755 logback [localhost-startStop-1] INFO  o.s.b.w.s.FilterRegistrationBean - Mapping filter: 'characterEncodingFilter' to: [/*]
19:34:57.755 logback [localhost-startStop-1] INFO  o.s.b.w.s.FilterRegistrationBean - Mapping filter: 'hiddenHttpMethodFilter' to: [/*]
19:34:57.756 logback [localhost-startStop-1] INFO  o.s.b.w.s.FilterRegistrationBean - Mapping filter: 'httpPutFormContentFilter' to: [/*]
19:34:57.756 logback [localhost-startStop-1] INFO  o.s.b.w.s.FilterRegistrationBean - Mapping filter: 'requestContextFilter' to: [/*]
19:34:57.756 logback [localhost-startStop-1] INFO  o.s.b.w.s.FilterRegistrationBean - Mapping filter: 'webStatFilter' to urls: [/*]
19:34:58.173 logback [restartedMain] INFO  o.s.aop.framework.CglibAopProxy - Method [java.util.List springfox.documentation.schema.property.OptimizedModelPropertiesProvider.candidateProperties(com.fasterxml.classmate.ResolvedType,com.fasterxml.jackson.databind.introspect.AnnotatedMember,com.fasterxml.jackson.databind.introspect.BeanPropertyDefinition,springfox.documentation.spi.schema.contexts.ModelContext)] is package-visible across different ClassLoaders and cannot get proxied via CGLIB: Declare this method as public or protected if you need to support invocations through the proxy.
19:34:58.430 logback [restartedMain] INFO  o.s.w.s.m.m.a.RequestMappingHandlerMapping - Mapped "{[/api/sort/{id}],methods=[DELETE]}" onto public java.lang.String com.hs.blog.controller.SortController.deleteSortInfo(java.lang.Long)
19:34:58.431 logback [restartedMain] INFO  o.s.w.s.m.m.a.RequestMappingHandlerMapping - Mapped "{[/api/sort/list],methods=[GET]}" onto public java.util.List<com.hs.blog.entity.CategoryInfo> com.hs.blog.controller.SortController.listAllSortInfo()
19:34:58.432 logback [restartedMain] INFO  o.s.w.s.m.m.a.RequestMappingHandlerMapping - Mapped "{[/api/sort],methods=[POST]}" onto public java.lang.String com.hs.blog.controller.SortController.addSortInfo()
19:34:58.433 logback [restartedMain] INFO  o.s.w.s.m.m.a.RequestMappingHandlerMapping - Mapped "{[/api/sort/{id}],methods=[PUT]}" onto public java.lang.String com.hs.blog.controller.SortController.updateSortInfo(java.lang.Long)
19:34:58.433 logback [restartedMain] INFO  o.s.w.s.m.m.a.RequestMappingHandlerMapping - Mapped "{[/api/sort/{id}],methods=[GET]}" onto public com.hs.blog.entity.CategoryInfo com.hs.blog.controller.SortController.getSortInfoById(java.lang.Long)
19:34:58.435 logback [restartedMain] INFO  o.s.w.s.m.m.a.RequestMappingHandlerMapping - Mapped "{[/v2/api-docs],methods=[GET]}" onto public org.springframework.http.ResponseEntity<springfox.documentation.spring.web.json.Json> springfox.documentation.swagger2.web.Swagger2Controller.getDocumentation(java.lang.String)
19:34:58.443 logback [restartedMain] INFO  o.s.w.s.m.m.a.RequestMappingHandlerMapping - Mapped "{[/configuration/ui]}" onto org.springframework.http.ResponseEntity<springfox.documentation.swagger.web.UiConfiguration> springfox.documentation.swagger.web.ApiResourceController.uiConfiguration()
19:34:58.444 logback [restartedMain] INFO  o.s.w.s.m.m.a.RequestMappingHandlerMapping - Mapped "{[/swagger-resources]}" onto org.springframework.http.ResponseEntity<java.util.List<springfox.documentation.swagger.web.SwaggerResource>> springfox.documentation.swagger.web.ApiResourceController.swaggerResources()
19:34:58.445 logback [restartedMain] INFO  o.s.w.s.m.m.a.RequestMappingHandlerMapping - Mapped "{[/configuration/security]}" onto org.springframework.http.ResponseEntity<springfox.documentation.swagger.web.SecurityConfiguration> springfox.documentation.swagger.web.ApiResourceController.securityConfiguration()
19:34:58.450 logback [restartedMain] INFO  o.s.w.s.m.m.a.RequestMappingHandlerMapping - Mapped "{[/error]}" onto public org.springframework.http.ResponseEntity<java.util.Map<java.lang.String, java.lang.Object>> org.springframework.boot.autoconfigure.web.BasicErrorController.error(javax.servlet.http.HttpServletRequest)
19:34:58.451 logback [restartedMain] INFO  o.s.w.s.m.m.a.RequestMappingHandlerMapping - Mapped "{[/error],produces=[text/html]}" onto public org.springframework.web.servlet.ModelAndView org.springframework.boot.autoconfigure.web.BasicErrorController.errorHtml(javax.servlet.http.HttpServletRequest,javax.servlet.http.HttpServletResponse)
19:34:59.024 logback [restartedMain] INFO  o.s.w.s.m.m.a.RequestMappingHandlerAdapter - Looking for @ControllerAdvice: org.springframework.boot.context.embedded.AnnotationConfigEmbeddedWebApplicationContext@712fff42: startup date [Mon Mar 04 19:34:52 CST 2019]; root of context hierarchy
19:34:59.112 logback [restartedMain] INFO  o.s.w.s.h.SimpleUrlHandlerMapping - Mapped URL path [/webjars/**] onto handler of type [class org.springframework.web.servlet.resource.ResourceHttpRequestHandler]
19:34:59.113 logback [restartedMain] INFO  o.s.w.s.h.SimpleUrlHandlerMapping - Mapped URL path [/**] onto handler of type [class org.springframework.web.servlet.resource.ResourceHttpRequestHandler]
19:34:59.185 logback [restartedMain] INFO  o.s.w.s.h.SimpleUrlHandlerMapping - Mapped URL path [/**/favicon.ico] onto handler of type [class org.springframework.web.servlet.resource.ResourceHttpRequestHandler]
19:34:59.532 logback [restartedMain] INFO  c.a.d.s.b.a.DruidDataSourceAutoConfigure - Init DruidDataSource
19:35:00.355 logback [restartedMain] INFO  c.alibaba.druid.pool.DruidDataSource - {dataSource-1} inited
19:35:00.842 logback [restartedMain] INFO  o.s.b.d.a.OptionalLiveReloadServer - LiveReload server is running on port 35729
19:35:00.936 logback [restartedMain] INFO  o.s.j.e.a.AnnotationMBeanExporter - Registering beans for JMX exposure on startup
19:35:00.939 logback [restartedMain] INFO  o.s.j.e.a.AnnotationMBeanExporter - Bean with name 'statFilter' has been autodetected for JMX exposure
19:35:00.940 logback [restartedMain] INFO  o.s.j.e.a.AnnotationMBeanExporter - Bean with name 'dataSource' has been autodetected for JMX exposure
19:35:00.945 logback [restartedMain] INFO  o.s.j.e.a.AnnotationMBeanExporter - Located MBean 'dataSource': registering with JMX server as MBean [com.alibaba.druid.spring.boot.autoconfigure:name=dataSource,type=DruidDataSourceWrapper]
19:35:00.946 logback [restartedMain] INFO  o.s.j.e.a.AnnotationMBeanExporter - Located MBean 'statFilter': registering with JMX server as MBean [com.alibaba.druid.filter.stat:name=statFilter,type=StatFilter]
19:35:00.960 logback [restartedMain] INFO  s.d.s.w.p.DocumentationPluginsBootstrapper - Context refreshed
19:35:00.976 logback [restartedMain] INFO  s.d.s.w.p.DocumentationPluginsBootstrapper - Found {0} custom documentation plugin(s)
19:35:00.984 logback [restartedMain] INFO  s.d.s.w.s.ApiListingReferenceScanner - Scanning for api listing references
19:35:00.991 logback [restartedMain] INFO  s.d.s.w.ClassOrApiAnnotationResourceGrouping - Group for method listAllSortInfo was sort-controller
19:35:00.992 logback [restartedMain] INFO  s.d.s.w.s.ApiListingReferenceScanner - Request mapping: listAllSortInfo belongs to groups: [[ResourceGroup{groupName='sort-controller', position=0, controller=com.hs.blog.controller.SortController}]] 
19:35:00.993 logback [restartedMain] INFO  s.d.s.w.ClassOrApiAnnotationResourceGrouping - Group for method deleteSortInfo was sort-controller
19:35:00.994 logback [restartedMain] INFO  s.d.s.w.s.ApiListingReferenceScanner - Request mapping: deleteSortInfo belongs to groups: [[ResourceGroup{groupName='sort-controller', position=0, controller=com.hs.blog.controller.SortController}]] 
19:35:00.994 logback [restartedMain] INFO  s.d.s.w.ClassOrApiAnnotationResourceGrouping - Group for method updateSortInfo was sort-controller
19:35:00.994 logback [restartedMain] INFO  s.d.s.w.s.ApiListingReferenceScanner - Request mapping: updateSortInfo belongs to groups: [[ResourceGroup{groupName='sort-controller', position=0, controller=com.hs.blog.controller.SortController}]] 
19:35:00.995 logback [restartedMain] INFO  s.d.s.w.ClassOrApiAnnotationResourceGrouping - Group for method getSortInfoById was sort-controller
19:35:00.995 logback [restartedMain] INFO  s.d.s.w.s.ApiListingReferenceScanner - Request mapping: getSortInfoById belongs to groups: [[ResourceGroup{groupName='sort-controller', position=0, controller=com.hs.blog.controller.SortController}]] 
19:35:00.996 logback [restartedMain] INFO  s.d.s.w.ClassOrApiAnnotationResourceGrouping - Group for method addSortInfo was sort-controller
19:35:00.996 logback [restartedMain] INFO  s.d.s.w.s.ApiListingReferenceScanner - Request mapping: addSortInfo belongs to groups: [[ResourceGroup{groupName='sort-controller', position=0, controller=com.hs.blog.controller.SortController}]] 
19:35:01.000 logback [restartedMain] INFO  s.d.s.w.s.ApiListingReferenceScanner - Created resource listing Path: /default/sort-controller Description: sort-controller Position: 0
19:35:01.021 logback [restartedMain] INFO  s.d.schema.ModelContextKeyGenerator - Cache Key Generated: java.lang.String(true)
19:35:01.021 logback [restartedMain] INFO  s.d.spring.web.caching.CachingAspect - Caching aspect applied for cache models with key java.lang.String(true)
19:35:01.028 logback [restartedMain] INFO  s.d.schema.ModelContextKeyGenerator - Cache Key Generated: java.lang.String(true)
19:35:01.028 logback [restartedMain] INFO  s.d.spring.web.caching.CachingAspect - Caching aspect applied for cache modelDependencies with key java.lang.String(true)
19:35:01.034 logback [restartedMain] INFO  s.d.s.web.OperationsKeyGenerator - Cache key generated: /api/sort.com.hs.blog.controller.SortController.addSortInfo.DefaultGenericTypeNamingStrategy
19:35:01.034 logback [restartedMain] INFO  s.d.spring.web.caching.CachingAspect - Caching aspect applied for cache operations with key /api/sort.com.hs.blog.controller.SortController.addSortInfo.DefaultGenericTypeNamingStrategy
19:35:01.048 logback [restartedMain] INFO  s.d.s.w.ClassOrApiAnnotationResourceGrouping - Group for method addSortInfo was sort-controller
19:35:01.068 logback [restartedMain] INFO  s.d.s.w.ClassOrApiAnnotationResourceGrouping - Group for method addSortInfo was sort-controller
19:35:01.078 logback [restartedMain] INFO  s.d.schema.ModelContextKeyGenerator - Cache Key Generated: java.lang.String(true)
19:35:01.079 logback [restartedMain] INFO  s.d.spring.web.caching.CachingAspect - Caching aspect applied for cache models with key java.lang.String(true)
19:35:01.081 logback [restartedMain] INFO  s.d.schema.ModelContextKeyGenerator - Cache Key Generated: java.lang.String(true)
19:35:01.081 logback [restartedMain] INFO  s.d.spring.web.caching.CachingAspect - Caching aspect applied for cache modelDependencies with key java.lang.String(true)
19:35:01.082 logback [restartedMain] INFO  s.d.s.web.OperationsKeyGenerator - Cache key generated: /api/sort/{id}.com.hs.blog.controller.SortController.deleteSortInfo.DefaultGenericTypeNamingStrategy
19:35:01.082 logback [restartedMain] INFO  s.d.spring.web.caching.CachingAspect - Caching aspect applied for cache operations with key /api/sort/{id}.com.hs.blog.controller.SortController.deleteSortInfo.DefaultGenericTypeNamingStrategy
19:35:01.093 logback [restartedMain] INFO  s.d.s.w.ClassOrApiAnnotationResourceGrouping - Group for method deleteSortInfo was sort-controller
19:35:01.099 logback [restartedMain] INFO  s.d.s.w.ClassOrApiAnnotationResourceGrouping - Group for method deleteSortInfo was sort-controller
19:35:01.104 logback [restartedMain] INFO  s.d.schema.ModelContextKeyGenerator - Cache Key Generated: com.hs.blog.entity.CategoryInfo(true)
19:35:01.104 logback [restartedMain] INFO  s.d.spring.web.caching.CachingAspect - Caching aspect applied for cache models with key com.hs.blog.entity.CategoryInfo(true)
19:35:01.105 logback [restartedMain] INFO  s.d.s.p.ModelPropertiesKeyGenerator - Cache key generated: com.hs.blog.entity.CategoryInfo(true)
19:35:01.106 logback [restartedMain] INFO  s.d.spring.web.caching.CachingAspect - Caching aspect applied for cache modelProperties with key com.hs.blog.entity.CategoryInfo(true)
19:35:01.156 logback [restartedMain] INFO  s.d.schema.ModelContextKeyGenerator - Cache Key Generated: com.hs.blog.entity.CategoryInfo(true)
19:35:01.156 logback [restartedMain] INFO  s.d.spring.web.caching.CachingAspect - Caching aspect applied for cache modelDependencies with key com.hs.blog.entity.CategoryInfo(true)
19:35:01.157 logback [restartedMain] INFO  s.d.s.p.ModelPropertiesKeyGenerator - Cache key generated: com.hs.blog.entity.CategoryInfo(true)
19:35:01.157 logback [restartedMain] INFO  s.d.spring.web.caching.CachingAspect - Caching aspect applied for cache modelProperties with key com.hs.blog.entity.CategoryInfo(true)
19:35:01.158 logback [restartedMain] INFO  s.d.s.web.OperationsKeyGenerator - Cache key generated: /api/sort/{id}.com.hs.blog.controller.SortController.getSortInfoById.DefaultGenericTypeNamingStrategy
19:35:01.159 logback [restartedMain] INFO  s.d.spring.web.caching.CachingAspect - Caching aspect applied for cache operations with key /api/sort/{id}.com.hs.blog.controller.SortController.getSortInfoById.DefaultGenericTypeNamingStrategy
19:35:01.162 logback [restartedMain] INFO  s.d.s.w.ClassOrApiAnnotationResourceGrouping - Group for method getSortInfoById was sort-controller
19:35:01.164 logback [restartedMain] INFO  s.d.s.w.ClassOrApiAnnotationResourceGrouping - Group for method getSortInfoById was sort-controller
19:35:01.175 logback [restartedMain] INFO  s.d.schema.ModelContextKeyGenerator - Cache Key Generated: java.util.List<com.hs.blog.entity.CategoryInfo>(true)
19:35:01.175 logback [restartedMain] INFO  s.d.spring.web.caching.CachingAspect - Caching aspect applied for cache models with key java.util.List<com.hs.blog.entity.CategoryInfo>(true)
19:35:01.176 logback [restartedMain] INFO  s.d.schema.ModelContextKeyGenerator - Cache Key Generated: java.util.List<com.hs.blog.entity.CategoryInfo>(true)
19:35:01.176 logback [restartedMain] INFO  s.d.spring.web.caching.CachingAspect - Caching aspect applied for cache modelDependencies with key java.util.List<com.hs.blog.entity.CategoryInfo>(true)
19:35:01.176 logback [restartedMain] INFO  s.d.s.p.ModelPropertiesKeyGenerator - Cache key generated: com.hs.blog.entity.CategoryInfo(true)
19:35:01.177 logback [restartedMain] INFO  s.d.spring.web.caching.CachingAspect - Caching aspect applied for cache modelProperties with key com.hs.blog.entity.CategoryInfo(true)
19:35:01.177 logback [restartedMain] INFO  s.d.s.p.ModelPropertiesKeyGenerator - Cache key generated: java.util.List<com.hs.blog.entity.CategoryInfo>(true)
19:35:01.177 logback [restartedMain] INFO  s.d.spring.web.caching.CachingAspect - Caching aspect applied for cache modelProperties with key java.util.List<com.hs.blog.entity.CategoryInfo>(true)
19:35:01.178 logback [restartedMain] INFO  s.d.s.p.ModelPropertiesKeyGenerator - Cache key generated: com.hs.blog.entity.CategoryInfo(true)
19:35:01.178 logback [restartedMain] INFO  s.d.spring.web.caching.CachingAspect - Caching aspect applied for cache modelProperties with key com.hs.blog.entity.CategoryInfo(true)
19:35:01.179 logback [restartedMain] INFO  s.d.s.web.OperationsKeyGenerator - Cache key generated: /api/sort/list.com.hs.blog.controller.SortController.listAllSortInfo.DefaultGenericTypeNamingStrategy
19:35:01.180 logback [restartedMain] INFO  s.d.spring.web.caching.CachingAspect - Caching aspect applied for cache operations with key /api/sort/list.com.hs.blog.controller.SortController.listAllSortInfo.DefaultGenericTypeNamingStrategy
19:35:01.181 logback [restartedMain] INFO  s.d.s.w.ClassOrApiAnnotationResourceGrouping - Group for method listAllSortInfo was sort-controller
19:35:01.183 logback [restartedMain] INFO  s.d.s.w.ClassOrApiAnnotationResourceGrouping - Group for method listAllSortInfo was sort-controller
19:35:01.185 logback [restartedMain] INFO  s.d.schema.ModelContextKeyGenerator - Cache Key Generated: java.lang.String(true)
19:35:01.185 logback [restartedMain] INFO  s.d.spring.web.caching.CachingAspect - Caching aspect applied for cache models with key java.lang.String(true)
19:35:01.185 logback [restartedMain] INFO  s.d.schema.ModelContextKeyGenerator - Cache Key Generated: java.lang.String(true)
19:35:01.185 logback [restartedMain] INFO  s.d.spring.web.caching.CachingAspect - Caching aspect applied for cache modelDependencies with key java.lang.String(true)
19:35:01.185 logback [restartedMain] INFO  s.d.s.web.OperationsKeyGenerator - Cache key generated: /api/sort/{id}.com.hs.blog.controller.SortController.updateSortInfo.DefaultGenericTypeNamingStrategy
19:35:01.186 logback [restartedMain] INFO  s.d.spring.web.caching.CachingAspect - Caching aspect applied for cache operations with key /api/sort/{id}.com.hs.blog.controller.SortController.updateSortInfo.DefaultGenericTypeNamingStrategy
19:35:01.188 logback [restartedMain] INFO  s.d.s.w.ClassOrApiAnnotationResourceGrouping - Group for method updateSortInfo was sort-controller
19:35:01.190 logback [restartedMain] INFO  s.d.s.w.ClassOrApiAnnotationResourceGrouping - Group for method updateSortInfo was sort-controller
19:35:01.213 logback [restartedMain] INFO  o.a.coyote.http11.Http11NioProtocol - Starting ProtocolHandler ["http-nio-8080"]
19:35:01.243 logback [restartedMain] INFO  o.a.tomcat.util.net.NioSelectorPool - Using a shared selector for servlet write/read
19:35:01.305 logback [restartedMain] INFO  o.s.b.c.e.t.TomcatEmbeddedServletContainer - Tomcat started on port(s): 8080 (http)
19:35:01.317 logback [restartedMain] INFO  com.hs.blog.BlogApplication - Started BlogApplication in 10.169 seconds (JVM running for 14.1)
